Engine::processInputQuery: Input query (before preprocessing): 2602 equations, 4898 variables
Engine::processInputQuery: Input query (after preprocessing): 0 equations, 794 variables

Input bounds:
	x0: [  0.0000,   0.0000] [FIXED]
	x1: [  0.0000,   0.0000] [FIXED]
	x2: [  0.0000,   0.0000] [FIXED]
	x3: [  0.0000,   0.0000] [FIXED]
	x4: [  0.0000,   0.0000] [FIXED]
	x5: [  0.0000,   0.0000] [FIXED]
	x6: [  0.0000,   0.0000] [FIXED]
	x7: [  0.0000,   0.0000] [FIXED]
	x8: [  0.0039,   0.0039] [FIXED]
	x9: [  0.0000,   0.0000] [FIXED]
	x10: [  0.0000,   0.0000] [FIXED]
	x11: [  0.6902,   0.6902] [FIXED]
	x12: [  0.8902,   0.8902] [FIXED]
	x13: [  0.7451,   0.7451] [FIXED]
	x14: [  0.7294,   0.7294] [FIXED]
	x15: [  0.7529,   0.7529] [FIXED]
	x16: [  0.8824,   0.8824] [FIXED]
	x17: [  0.8980,   0.8980] [FIXED]
	x18: [  0.0000,   0.0000] [FIXED]
	x19: [  0.0000,   0.0000] [FIXED]
	x20: [  0.0078,   0.0078] [FIXED]
	x21: [  0.0000,   0.0000] [FIXED]
	x22: [  0.0000,   0.0000] [FIXED]
	x23: [  0.0000,   0.0000] [FIXED]
	x24: [  0.0000,   0.0000] [FIXED]
	x25: [  0.0000,   0.0000] [FIXED]
	x26: [  0.0000,   0.0000] [FIXED]
	x27: [  0.0000,   0.0000] [FIXED]
	x28: [  0.0000,   0.0000] [FIXED]
	x29: [  0.0000,   0.0000] [FIXED]
	x30: [  0.0000,   0.0000] [FIXED]
	x31: [  0.0000,   0.0000] [FIXED]
	x32: [  0.0000,   0.0000] [FIXED]
	x33: [  0.0000,   0.0000] [FIXED]
	x34: [  0.0118,   0.0118] [FIXED]
	x35: [  0.0000,   0.0000] [FIXED]
	x36: [  0.0000,   0.0000] [FIXED]
	x37: [  0.0000,   0.0000] [FIXED]
	x38: [  0.0000,   0.0000] [FIXED]
	x39: [  0.6392,   0.6392] [FIXED]
	x40: [  0.9255,   0.9255] [FIXED]
	x41: [  0.8941,   0.8941] [FIXED]
	x42: [  0.9686,   0.9686] [FIXED]
	x43: [  0.9020,   0.9020] [FIXED]
	x44: [  0.8745,   0.8745] [FIXED]
	x45: [  1.0000,   1.0000] [FIXED]
	x46: [  0.0000,   0.0000] [FIXED]
	x47: [  0.0000,   0.0000] [FIXED]
	x48: [  0.0000,   0.0000] [FIXED]
	x49: [  0.0000,   0.0000] [FIXED]
	x50: [  0.0118,   0.0118] [FIXED]
	x51: [  0.0000,   0.0000] [FIXED]
	x52: [  0.0000,   0.0000] [FIXED]
	x53: [  0.0000,   0.0000] [FIXED]
	x54: [  0.0000,   0.0000] [FIXED]
	x55: [  0.0000,   0.0000] [FIXED]
	x56: [  0.0000,   0.0000] [FIXED]
	x57: [  0.0000,   0.0000] [FIXED]
	x58: [  0.0000,   0.0000] [FIXED]
	x59: [  0.0000,   0.0000] [FIXED]
	x60: [  0.0000,   0.0000] [FIXED]
	x61: [  0.0039,   0.0039] [FIXED]
	x62: [  0.0000,   0.0000] [FIXED]
	x63: [  0.0000,   0.0000] [FIXED]
	x64: [  0.0549,   0.0549] [FIXED]
	x65: [  0.3765,   0.3765] [FIXED]
	x66: [  0.7176,   0.7176] [FIXED]
	x67: [  0.9373,   0.9373] [FIXED]
	x68: [  0.8784,   0.8784] [FIXED]
	x69: [  0.8078,   0.8078] [FIXED]
	x70: [  0.8039,   0.8039] [FIXED]
	x71: [  0.8235,   0.8235] [FIXED]
	x72: [  0.8471,   0.8471] [FIXED]
	x73: [  0.8471,   0.8471] [FIXED]
	x74: [  0.6784,   0.6784] [FIXED]
	x75: [  0.3529,   0.3529] [FIXED]
	x76: [  0.0863,   0.0863] [FIXED]
	x77: [  0.0000,   0.0000] [FIXED]
	x78: [  0.0000,   0.0000] [FIXED]
	x79: [  0.0078,   0.0078] [FIXED]
	x80: [  0.0000,   0.0000] [FIXED]
	x81: [  0.0000,   0.0000] [FIXED]
	x82: [  0.0000,   0.0000] [FIXED]
	x83: [  0.0000,   0.0000] [FIXED]
	x84: [  0.0000,   0.0000] [FIXED]
	x85: [  0.0000,   0.0000] [FIXED]
	x86: [  0.0000,   0.0000] [FIXED]
	x87: [  0.0000,   0.0000] [FIXED]
	x88: [  0.0157,   0.0157] [FIXED]
	x89: [  0.0000,   0.0000] [FIXED]
	x90: [  0.0471,   0.0471] [FIXED]
	x91: [  0.6314,   0.6314] [FIXED]
	x92: [  0.8353,   0.8353] [FIXED]
	x93: [  0.8980,   0.8980] [FIXED]
	x94: [  0.8863,   0.8863] [FIXED]
	x95: [  0.8627,   0.8627] [FIXED]
	x96: [  0.8784,   0.8784] [FIXED]
	x97: [  0.8863,   0.8863] [FIXED]
	x98: [  0.7608,   0.7608] [FIXED]
	x99: [  0.8353,   0.8353] [FIXED]
	x100: [  0.8863,   0.8863] [FIXED]
	x101: [  0.8667,   0.8667] [FIXED]
	x102: [  0.8667,   0.8667] [FIXED]
	x103: [  0.8902,   0.8902] [FIXED]
	x104: [  0.8078,   0.8078] [FIXED]
	x105: [  0.6980,   0.6980] [FIXED]
	x106: [  0.0000,   0.0000] [FIXED]
	x107: [  0.0000,   0.0000] [FIXED]
	x108: [  0.0118,   0.0118] [FIXED]
	x109: [  0.0000,   0.0000] [FIXED]
	x110: [  0.0000,   0.0000] [FIXED]
	x111: [  0.0000,   0.0000] [FIXED]
	x112: [  0.0000,   0.0000] [FIXED]
	x113: [  0.0000,   0.0000] [FIXED]
	x114: [  0.0000,   0.0000] [FIXED]
	x115: [  0.0000,   0.0000] [FIXED]
	x116: [  0.0000,   0.0000] [FIXED]
	x117: [  0.0000,   0.0000] [FIXED]
	x118: [  0.7216,   0.7216] [FIXED]
	x119: [  0.9020,   0.9020] [FIXED]
	x120: [  0.8275,   0.8275] [FIXED]
	x121: [  0.8275,   0.8275] [FIXED]
	x122: [  0.8431,   0.8431] [FIXED]
	x123: [  0.8431,   0.8431] [FIXED]
	x124: [  0.8471,   0.8471] [FIXED]
	x125: [  0.8627,   0.8627] [FIXED]
	x126: [  0.8824,   0.8824] [FIXED]
	x127: [  0.8588,   0.8588] [FIXED]
	x128: [  0.8627,   0.8627] [FIXED]
	x129: [  0.8627,   0.8627] [FIXED]
	x130: [  0.8431,   0.8431] [FIXED]
	x131: [  0.8353,   0.8353] [FIXED]
	x132: [  0.7451,   0.7451] [FIXED]
	x133: [  0.8471,   0.8471] [FIXED]
	x134: [  0.6824,   0.6824] [FIXED]
	x135: [  0.0000,   0.0000] [FIXED]
	x136: [  0.0000,   0.0000] [FIXED]
	x137: [  0.0000,   0.0000] [FIXED]
	x138: [  0.0000,   0.0000] [FIXED]
	x139: [  0.0000,   0.0000] [FIXED]
	x140: [  0.0000,   0.0000] [FIXED]
	x141: [  0.0000,   0.0000] [FIXED]
	x142: [  0.0000,   0.0000] [FIXED]
	x143: [  0.0000,   0.0000] [FIXED]
	x144: [  0.0000,   0.0000] [FIXED]
	x145: [  0.2784,   0.2784] [FIXED]
	x146: [  0.8863,   0.8863] [FIXED]
	x147: [  0.8078,   0.8078] [FIXED]
	x148: [  0.8314,   0.8314] [FIXED]
	x149: [  0.8549,   0.8549] [FIXED]
	x150: [  0.8549,   0.8549] [FIXED]
	x151: [  0.8471,   0.8471] [FIXED]
	x152: [  0.8392,   0.8392] [FIXED]
	x153: [  0.8471,   0.8471] [FIXED]
	x154: [  0.8627,   0.8627] [FIXED]
	x155: [  0.8471,   0.8471] [FIXED]
	x156: [  0.8471,   0.8471] [FIXED]
	x157: [  0.8627,   0.8627] [FIXED]
	x158: [  0.8667,   0.8667] [FIXED]
	x159: [  0.8627,   0.8627] [FIXED]
	x160: [  0.8510,   0.8510] [FIXED]
	x161: [  0.8039,   0.8039] [FIXED]
	x162: [  0.8824,   0.8824] [FIXED]
	x163: [  0.2196,   0.2196] [FIXED]
	x164: [  0.0000,   0.0000] [FIXED]
	x165: [  0.0000,   0.0000] [FIXED]
	x166: [  0.0000,   0.0000] [FIXED]
	x167: [  0.0000,   0.0000] [FIXED]
	x168: [  0.0000,   0.0000] [FIXED]
	x169: [  0.0000,   0.0000] [FIXED]
	x170: [  0.0000,   0.0000] [FIXED]
	x171: [  0.0000,   0.0000] [FIXED]
	x172: [  0.0000,   0.0000] [FIXED]
	x173: [  0.4706,   0.4706] [FIXED]
	x174: [  0.9059,   0.9059] [FIXED]
	x175: [  0.8353,   0.8353] [FIXED]
	x176: [  0.8392,   0.8392] [FIXED]
	x177: [  0.8392,   0.8392] [FIXED]
	x178: [  0.8431,   0.8431] [FIXED]
	x179: [  0.8392,   0.8392] [FIXED]
	x180: [  0.8431,   0.8431] [FIXED]
	x181: [  0.8392,   0.8392] [FIXED]
	x182: [  0.8353,   0.8353] [FIXED]
	x183: [  0.8392,   0.8392] [FIXED]
	x184: [  0.8588,   0.8588] [FIXED]
	x185: [  0.8627,   0.8627] [FIXED]
	x186: [  0.8510,   0.8510] [FIXED]
	x187: [  0.8431,   0.8431] [FIXED]
	x188: [  0.8431,   0.8431] [FIXED]
	x189: [  0.8275,   0.8275] [FIXED]
	x190: [  0.8863,   0.8863] [FIXED]
	x191: [  0.4980,   0.4980] [FIXED]
	x192: [  0.0000,   0.0000] [FIXED]
	x193: [  0.0000,   0.0000] [FIXED]
	x194: [  0.0000,   0.0000] [FIXED]
	x195: [  0.0000,   0.0000] [FIXED]
	x196: [  0.0000,   0.0000] [FIXED]
	x197: [  0.0000,   0.0000] [FIXED]
	x198: [  0.0000,   0.0000] [FIXED]
	x199: [  0.0000,   0.0000] [FIXED]
	x200: [  0.0000,   0.0000] [FIXED]
	x201: [  0.5882,   0.5882] [FIXED]
	x202: [  0.9020,   0.9020] [FIXED]
	x203: [  0.8510,   0.8510] [FIXED]
	x204: [  0.8588,   0.8588] [FIXED]
	x205: [  0.8275,   0.8275] [FIXED]
	x206: [  0.8392,   0.8392] [FIXED]
	x207: [  0.8392,   0.8392] [FIXED]
	x208: [  0.8392,   0.8392] [FIXED]
	x209: [  0.8392,   0.8392] [FIXED]
	x210: [  0.8314,   0.8314] [FIXED]
	x211: [  0.8314,   0.8314] [FIXED]
	x212: [  0.8392,   0.8392] [FIXED]
	x213: [  0.8471,   0.8471] [FIXED]
	x214: [  0.8431,   0.8431] [FIXED]
	x215: [  0.8353,   0.8353] [FIXED]
	x216: [  0.8353,   0.8353] [FIXED]
	x217: [  0.8235,   0.8235] [FIXED]
	x218: [  0.8824,   0.8824] [FIXED]
	x219: [  0.7020,   0.7020] [FIXED]
	x220: [  0.0000,   0.0000] [FIXED]
	x221: [  0.0000,   0.0000] [FIXED]
	x222: [  0.0000,   0.0000] [FIXED]
	x223: [  0.0000,   0.0000] [FIXED]
	x224: [  0.0000,   0.0000] [FIXED]
	x225: [  0.0000,   0.0000] [FIXED]
	x226: [  0.0000,   0.0000] [FIXED]
	x227: [  0.0000,   0.0000] [FIXED]
	x228: [  0.0000,   0.0000] [FIXED]
	x229: [  0.6667,   0.6667] [FIXED]
	x230: [  0.8980,   0.8980] [FIXED]
	x231: [  0.8706,   0.8706] [FIXED]
	x232: [  0.8784,   0.8784] [FIXED]
	x233: [  0.8235,   0.8235] [FIXED]
	x234: [  0.8353,   0.8353] [FIXED]
	x235: [  0.8353,   0.8353] [FIXED]
	x236: [  0.8353,   0.8353] [FIXED]
	x237: [  0.8392,   0.8392] [FIXED]
	x238: [  0.8353,   0.8353] [FIXED]
	x239: [  0.8275,   0.8275] [FIXED]
	x240: [  0.8314,   0.8314] [FIXED]
	x241: [  0.8392,   0.8392] [FIXED]
	x242: [  0.8353,   0.8353] [FIXED]
	x243: [  0.8157,   0.8157] [FIXED]
	x244: [  0.8314,   0.8314] [FIXED]
	x245: [  0.8392,   0.8392] [FIXED]
	x246: [  0.8706,   0.8706] [FIXED]
	x247: [  0.6745,   0.6745] [FIXED]
	x248: [  0.0000,   0.0000] [FIXED]
	x249: [  0.0000,   0.0000] [FIXED]
	x250: [  0.0000,   0.0000] [FIXED]
	x251: [  0.0000,   0.0000] [FIXED]
	x252: [  0.0000,   0.0000] [FIXED]
	x253: [  0.0000,   0.0000] [FIXED]
	x254: [  0.0000,   0.0000] [FIXED]
	x255: [  0.0000,   0.0000] [FIXED]
	x256: [  0.0000,   0.0000] [FIXED]
	x257: [  0.7569,   0.7569] [FIXED]
	x258: [  0.8902,   0.8902] [FIXED]
	x259: [  0.8784,   0.8784] [FIXED]
	x260: [  0.9176,   0.9176] [FIXED]
	x261: [  0.8392,   0.8392] [FIXED]
	x262: [  0.8275,   0.8275] [FIXED]
	x263: [  0.8314,   0.8314] [FIXED]
	x264: [  0.8353,   0.8353] [FIXED]
	x265: [  0.8353,   0.8353] [FIXED]
	x266: [  0.8353,   0.8353] [FIXED]
	x267: [  0.8275,   0.8275] [FIXED]
	x268: [  0.8314,   0.8314] [FIXED]
	x269: [  0.8314,   0.8314] [FIXED]
	x270: [  0.8235,   0.8235] [FIXED]
	x271: [  0.8118,   0.8118] [FIXED]
	x272: [  0.8392,   0.8392] [FIXED]
	x273: [  0.8627,   0.8627] [FIXED]
	x274: [  0.8667,   0.8667] [FIXED]
	x275: [  0.6588,   0.6588] [FIXED]
	x276: [  0.0000,   0.0000] [FIXED]
	x277: [  0.0000,   0.0000] [FIXED]
	x278: [  0.0000,   0.0000] [FIXED]
	x279: [  0.0000,   0.0000] [FIXED]
	x280: [  0.0000,   0.0000] [FIXED]
	x281: [  0.0000,   0.0000] [FIXED]
	x282: [  0.0000,   0.0000] [FIXED]
	x283: [  0.0000,   0.0000] [FIXED]
	x284: [  0.0000,   0.0000] [FIXED]
	x285: [  0.8784,   0.8784] [FIXED]
	x286: [  0.8745,   0.8745] [FIXED]
	x287: [  0.8784,   0.8784] [FIXED]
	x288: [  0.9490,   0.9490] [FIXED]
	x289: [  0.8549,   0.8549] [FIXED]
	x290: [  0.8353,   0.8353] [FIXED]
	x291: [  0.8431,   0.8431] [FIXED]
	x292: [  0.8353,   0.8353] [FIXED]
	x293: [  0.8275,   0.8275] [FIXED]
	x294: [  0.8353,   0.8353] [FIXED]
	x295: [  0.8353,   0.8353] [FIXED]
	x296: [  0.8275,   0.8275] [FIXED]
	x297: [  0.8431,   0.8431] [FIXED]
	x298: [  0.8235,   0.8235] [FIXED]
	x299: [  0.8118,   0.8118] [FIXED]
	x300: [  0.8471,   0.8471] [FIXED]
	x301: [  0.8667,   0.8667] [FIXED]
	x302: [  0.8588,   0.8588] [FIXED]
	x303: [  0.7882,   0.7882] [FIXED]
	x304: [  0.0000,   0.0000] [FIXED]
	x305: [  0.0000,   0.0000] [FIXED]
	x306: [  0.0000,   0.0000] [FIXED]
	x307: [  0.0000,   0.0000] [FIXED]
	x308: [  0.0000,   0.0000] [FIXED]
	x309: [  0.0000,   0.0000] [FIXED]
	x310: [  0.0000,   0.0000] [FIXED]
	x311: [  0.0000,   0.0000] [FIXED]
	x312: [  0.0000,   0.0000] [FIXED]
	x313: [  0.9412,   0.9412] [FIXED]
	x314: [  0.8667,   0.8667] [FIXED]
	x315: [  0.8824,   0.8824] [FIXED]
	x316: [  0.9412,   0.9412] [FIXED]
	x317: [  0.8510,   0.8510] [FIXED]
	x318: [  0.8471,   0.8471] [FIXED]
	x319: [  0.8471,   0.8471] [FIXED]
	x320: [  0.8392,   0.8392] [FIXED]
	x321: [  0.8235,   0.8235] [FIXED]
	x322: [  0.8314,   0.8314] [FIXED]
	x323: [  0.8431,   0.8431] [FIXED]
	x324: [  0.8235,   0.8235] [FIXED]
	x325: [  0.8549,   0.8549] [FIXED]
	x326: [  0.8431,   0.8431] [FIXED]
	x327: [  0.7922,   0.7922] [FIXED]
	x328: [  0.8471,   0.8471] [FIXED]
	x329: [  0.8824,   0.8824] [FIXED]
	x330: [  0.8706,   0.8706] [FIXED]
	x331: [  0.7882,   0.7882] [FIXED]
	x332: [  0.0000,   0.0000] [FIXED]
	x333: [  0.0000,   0.0000] [FIXED]
	x334: [  0.0000,   0.0000] [FIXED]
	x335: [  0.0000,   0.0000] [FIXED]
	x336: [  0.0000,   0.0000] [FIXED]
	x337: [  0.0000,   0.0000] [FIXED]
	x338: [  0.0000,   0.0000] [FIXED]
	x339: [  0.0000,   0.0000] [FIXED]
	x340: [  0.0000,   0.0000] [FIXED]
	x341: [  0.9765,   0.9765] [FIXED]
	x342: [  0.8667,   0.8667] [FIXED]
	x343: [  0.8980,   0.8980] [FIXED]
	x344: [  0.9608,   0.9608] [FIXED]
	x345: [  0.8275,   0.8275] [FIXED]
	x346: [  0.8510,   0.8510] [FIXED]
	x347: [  0.8431,   0.8431] [FIXED]
	x348: [  0.8392,   0.8392] [FIXED]
	x349: [  0.8314,   0.8314] [FIXED]
	x350: [  0.8431,   0.8431] [FIXED]
	x351: [  0.8431,   0.8431] [FIXED]
	x352: [  0.8118,   0.8118] [FIXED]
	x353: [  0.8353,   0.8353] [FIXED]
	x354: [  0.8588,   0.8588] [FIXED]
	x355: [  0.7804,   0.7804] [FIXED]
	x356: [  0.8745,   0.8745] [FIXED]
	x357: [  0.8902,   0.8902] [FIXED]
	x358: [  0.8627,   0.8627] [FIXED]
	x359: [  0.8941,   0.8941] [FIXED]
	x360: [  0.0667,   0.0667] [FIXED]
	x361: [  0.0000,   0.0000] [FIXED]
	x362: [  0.0000,   0.0000] [FIXED]
	x363: [  0.0000,   0.0000] [FIXED]
	x364: [  0.0000,   0.0000] [FIXED]
	x365: [  0.0000,   0.0000] [FIXED]
	x366: [  0.0000,   0.0000] [FIXED]
	x367: [  0.0000,   0.0000] [FIXED]
	x368: [  0.0510,   0.0510] [FIXED]
	x369: [  1.0000,   1.0000] [FIXED]
	x370: [  0.8588,   0.8588] [FIXED]
	x371: [  0.9216,   0.9216] [FIXED]
	x372: [  0.9529,   0.9529] [FIXED]
	x373: [  0.8510,   0.8510] [FIXED]
	x374: [  0.8627,   0.8627] [FIXED]
	x375: [  0.8431,   0.8431] [FIXED]
	x376: [  0.8431,   0.8431] [FIXED]
	x377: [  0.8471,   0.8471] [FIXED]
	x378: [  0.8392,   0.8392] [FIXED]
	x379: [  0.8392,   0.8392] [FIXED]
	x380: [  0.8118,   0.8118] [FIXED]
	x381: [  0.8431,   0.8431] [FIXED]
	x382: [  0.8627,   0.8627] [FIXED]
	x383: [  0.8196,   0.8196] [FIXED]
	x384: [  0.9569,   0.9569] [FIXED]
	x385: [  0.9020,   0.9020] [FIXED]
	x386: [  0.8588,   0.8588] [FIXED]
	x387: [  0.9882,   0.9882] [FIXED]
	x388: [  0.1686,   0.1686] [FIXED]
	x389: [  0.0000,   0.0000] [FIXED]
	x390: [  0.0000,   0.0000] [FIXED]
	x391: [  0.0000,   0.0000] [FIXED]
	x392: [  0.0000,   0.0000] [FIXED]
	x393: [  0.0000,   0.0000] [FIXED]
	x394: [  0.0000,   0.0000] [FIXED]
	x395: [  0.0000,   0.0000] [FIXED]
	x396: [  0.1137,   0.1137] [FIXED]
	x397: [  1.0000,   1.0000] [FIXED]
	x398: [  0.8549,   0.8549] [FIXED]
	x399: [  0.9176,   0.9176] [FIXED]
	x400: [  0.9137,   0.9137] [FIXED]
	x401: [  0.8706,   0.8706] [FIXED]
	x402: [  0.8392,   0.8392] [FIXED]
	x403: [  0.8392,   0.8392] [FIXED]
	x404: [  0.8549,   0.8549] [FIXED]
	x405: [  0.8314,   0.8314] [FIXED]
	x406: [  0.8471,   0.8471] [FIXED]
	x407: [  0.8471,   0.8471] [FIXED]
	x408: [  0.8235,   0.8235] [FIXED]
	x409: [  0.8392,   0.8392] [FIXED]
	x410: [  0.8588,   0.8588] [FIXED]
	x411: [  0.8392,   0.8392] [FIXED]
	x412: [  0.5843,   0.5843] [FIXED]
	x413: [  0.9451,   0.9451] [FIXED]
	x414: [  0.8667,   0.8667] [FIXED]
	x415: [  0.9882,   0.9882] [FIXED]
	x416: [  0.2039,   0.2039] [FIXED]
	x417: [  0.0000,   0.0000] [FIXED]
	x418: [  0.0000,   0.0000] [FIXED]
	x419: [  0.0000,   0.0000] [FIXED]
	x420: [  0.0000,   0.0000] [FIXED]
	x421: [  0.0000,   0.0000] [FIXED]
	x422: [  0.0000,   0.0000] [FIXED]
	x423: [  0.0000,   0.0000] [FIXED]
	x424: [  0.1922,   0.1922] [FIXED]
	x425: [  0.9922,   0.9922] [FIXED]
	x426: [  0.8510,   0.8510] [FIXED]
	x427: [  0.9216,   0.9216] [FIXED]
	x428: [  0.7490,   0.7490] [FIXED]
	x429: [  0.8667,   0.8667] [FIXED]
	x430: [  0.8196,   0.8196] [FIXED]
	x431: [  0.8471,   0.8471] [FIXED]
	x432: [  0.8549,   0.8549] [FIXED]
	x433: [  0.8275,   0.8275] [FIXED]
	x434: [  0.8471,   0.8471] [FIXED]
	x435: [  0.8510,   0.8510] [FIXED]
	x436: [  0.8353,   0.8353] [FIXED]
	x437: [  0.8235,   0.8235] [FIXED]
	x438: [  0.8588,   0.8588] [FIXED]
	x439: [  0.8549,   0.8549] [FIXED]
	x440: [  0.5961,   0.5961] [FIXED]
	x441: [  0.9529,   0.9529] [FIXED]
	x442: [  0.8706,   0.8706] [FIXED]
	x443: [  1.0000,   1.0000] [FIXED]
	x444: [  0.2824,   0.2824] [FIXED]
	x445: [  0.0000,   0.0000] [FIXED]
	x446: [  0.0000,   0.0000] [FIXED]
	x447: [  0.0000,   0.0000] [FIXED]
	x448: [  0.0000,   0.0000] [FIXED]
	x449: [  0.0000,   0.0000] [FIXED]
	x450: [  0.0000,   0.0000] [FIXED]
	x451: [  0.0000,   0.0000] [FIXED]
	x452: [  0.2627,   0.2627] [FIXED]
	x453: [  1.0000,   1.0000] [FIXED]
	x454: [  0.8471,   0.8471] [FIXED]
	x455: [  0.9725,   0.9725] [FIXED]
	x456: [  0.6392,   0.6392] [FIXED]
	x457: [  0.8824,   0.8824] [FIXED]
	x458: [  0.8471,   0.8471] [FIXED]
	x459: [  0.8627,   0.8627] [FIXED]
	x460: [  0.8510,   0.8510] [FIXED]
	x461: [  0.8314,   0.8314] [FIXED]
	x462: [  0.8549,   0.8549] [FIXED]
	x463: [  0.8510,   0.8510] [FIXED]
	x464: [  0.8353,   0.8353] [FIXED]
	x465: [  0.8078,   0.8078] [FIXED]
	x466: [  0.8431,   0.8431] [FIXED]
	x467: [  0.8588,   0.8588] [FIXED]
	x468: [  0.7569,   0.7569] [FIXED]
	x469: [  0.9686,   0.9686] [FIXED]
	x470: [  0.8627,   0.8627] [FIXED]
	x471: [  1.0000,   1.0000] [FIXED]
	x472: [  0.3373,   0.3373] [FIXED]
	x473: [  0.0000,   0.0000] [FIXED]
	x474: [  0.0000,   0.0000] [FIXED]
	x475: [  0.0000,   0.0000] [FIXED]
	x476: [  0.0000,   0.0000] [FIXED]
	x477: [  0.0000,   0.0000] [FIXED]
	x478: [  0.0000,   0.0000] [FIXED]
	x479: [  0.0000,   0.0000] [FIXED]
	x480: [  0.3412,   0.3412] [FIXED]
	x481: [  0.9922,   0.9922] [FIXED]
	x482: [  0.8471,   0.8471] [FIXED]
	x483: [  1.0000,   1.0000] [FIXED]
	x484: [  0.3608,   0.3608] [FIXED]
	x485: [  0.8706,   0.8706] [FIXED]
	x486: [  0.8627,   0.8627] [FIXED]
	x487: [  0.8588,   0.8588] [FIXED]
	x488: [  0.8431,   0.8431] [FIXED]
	x489: [  0.8353,   0.8353] [FIXED]
	x490: [  0.8510,   0.8510] [FIXED]
	x491: [  0.8549,   0.8549] [FIXED]
	x492: [  0.8431,   0.8431] [FIXED]
	x493: [  0.8235,   0.8235] [FIXED]
	x494: [  0.8235,   0.8235] [FIXED]
	x495: [  0.8784,   0.8784] [FIXED]
	x496: [  0.6667,   0.6667] [FIXED]
	x497: [  0.8863,   0.8863] [FIXED]
	x498: [  0.8863,   0.8863] [FIXED]
	x499: [  0.9843,   0.9843] [FIXED]
	x500: [  0.4235,   0.4235] [FIXED]
	x501: [  0.0000,   0.0000] [FIXED]
	x502: [  0.0000,   0.0000] [FIXED]
	x503: [  0.0000,   0.0000] [FIXED]
	x504: [  0.0000,   0.0000] [FIXED]
	x505: [  0.0000,   0.0000] [FIXED]
	x506: [  0.0000,   0.0000] [FIXED]
	x507: [  0.0000,   0.0000] [FIXED]
	x508: [  0.4667,   0.4667] [FIXED]
	x509: [  0.8784,   0.8784] [FIXED]
	x510: [  0.8706,   0.8706] [FIXED]
	x511: [  0.9882,   0.9882] [FIXED]
	x512: [  0.1725,   0.1725] [FIXED]
	x513: [  0.9216,   0.9216] [FIXED]
	x514: [  0.8392,   0.8392] [FIXED]
	x515: [  0.8431,   0.8431] [FIXED]
	x516: [  0.8392,   0.8392] [FIXED]
	x517: [  0.8431,   0.8431] [FIXED]
	x518: [  0.8392,   0.8392] [FIXED]
	x519: [  0.8549,   0.8549] [FIXED]
	x520: [  0.8588,   0.8588] [FIXED]
	x521: [  0.8275,   0.8275] [FIXED]
	x522: [  0.8118,   0.8118] [FIXED]
	x523: [  0.8980,   0.8980] [FIXED]
	x524: [  0.6784,   0.6784] [FIXED]
	x525: [  0.8471,   0.8471] [FIXED]
	x526: [  0.8902,   0.8902] [FIXED]
	x527: [  0.9647,   0.9647] [FIXED]
	x528: [  0.5333,   0.5333] [FIXED]
	x529: [  0.0000,   0.0000] [FIXED]
	x530: [  0.0000,   0.0000] [FIXED]
	x531: [  0.0000,   0.0000] [FIXED]
	x532: [  0.0000,   0.0000] [FIXED]
	x533: [  0.0000,   0.0000] [FIXED]
	x534: [  0.0000,   0.0000] [FIXED]
	x535: [  0.0000,   0.0000] [FIXED]
	x536: [  0.5412,   0.5412] [FIXED]
	x537: [  0.8784,   0.8784] [FIXED]
	x538: [  0.9059,   0.9059] [FIXED]
	x539: [  0.8392,   0.8392] [FIXED]
	x540: [  0.1176,   0.1176] [FIXED]
	x541: [  1.0000,   1.0000] [FIXED]
	x542: [  0.8078,   0.8078] [FIXED]
	x543: [  0.8471,   0.8471] [FIXED]
	x544: [  0.8471,   0.8471] [FIXED]
	x545: [  0.8471,   0.8471] [FIXED]
	x546: [  0.8431,   0.8431] [FIXED]
	x547: [  0.8431,   0.8431] [FIXED]
	x548: [  0.8706,   0.8706] [FIXED]
	x549: [  0.8510,   0.8510] [FIXED]
	x550: [  0.8118,   0.8118] [FIXED]
	x551: [  0.8980,   0.8980] [FIXED]
	x552: [  0.7176,   0.7176] [FIXED]
	x553: [  0.7882,   0.7882] [FIXED]
	x554: [  0.9137,   0.9137] [FIXED]
	x555: [  0.9333,   0.9333] [FIXED]
	x556: [  0.6078,   0.6078] [FIXED]
	x557: [  0.0000,   0.0000] [FIXED]
	x558: [  0.0000,   0.0000] [FIXED]
	x559: [  0.0000,   0.0000] [FIXED]
	x560: [  0.0000,   0.0000] [FIXED]
	x561: [  0.0000,   0.0000] [FIXED]
	x562: [  0.0000,   0.0000] [FIXED]
	x563: [  0.0000,   0.0000] [FIXED]
	x564: [  0.5765,   0.5765] [FIXED]
	x565: [  0.8745,   0.8745] [FIXED]
	x566: [  0.9255,   0.9255] [FIXED]
	x567: [  0.6824,   0.6824] [FIXED]
	x568: [  0.3098,   0.3098] [FIXED]
	x569: [  1.0000,   1.0000] [FIXED]
	x570: [  0.7922,   0.7922] [FIXED]
	x571: [  0.8431,   0.8431] [FIXED]
	x572: [  0.8471,   0.8471] [FIXED]
	x573: [  0.8510,   0.8510] [FIXED]
	x574: [  0.8549,   0.8549] [FIXED]
	x575: [  0.8275,   0.8275] [FIXED]
	x576: [  0.8667,   0.8667] [FIXED]
	x577: [  0.8863,   0.8863] [FIXED]
	x578: [  0.8118,   0.8118] [FIXED]
	x579: [  0.8627,   0.8627] [FIXED]
	x580: [  0.7647,   0.7647] [FIXED]
	x581: [  0.7412,   0.7412] [FIXED]
	x582: [  0.9373,   0.9373] [FIXED]
	x583: [  0.9176,   0.9176] [FIXED]
	x584: [  0.6471,   0.6471] [FIXED]
	x585: [  0.0000,   0.0000] [FIXED]
	x586: [  0.0000,   0.0000] [FIXED]
	x587: [  0.0000,   0.0000] [FIXED]
	x588: [  0.0000,   0.0000] [FIXED]
	x589: [  0.0000,   0.0000] [FIXED]
	x590: [  0.0000,   0.0000] [FIXED]
	x591: [  0.0000,   0.0000] [FIXED]
	x592: [  0.5922,   0.5922] [FIXED]
	x593: [  0.8667,   0.8667] [FIXED]
	x594: [  1.0000,   1.0000] [FIXED]
	x595: [  0.4667,   0.4667] [FIXED]
	x596: [  0.4863,   0.4863] [FIXED]
	x597: [  1.0000,   1.0000] [FIXED]
	x598: [  0.8000,   0.8000] [FIXED]
	x599: [  0.8392,   0.8392] [FIXED]
	x600: [  0.8510,   0.8510] [FIXED]
	x601: [  0.8510,   0.8510] [FIXED]
	x602: [  0.8549,   0.8549] [FIXED]
	x603: [  0.8275,   0.8275] [FIXED]
	x604: [  0.8275,   0.8275] [FIXED]
	x605: [  0.8902,   0.8902] [FIXED]
	x606: [  0.8392,   0.8392] [FIXED]
	x607: [  0.8235,   0.8235] [FIXED]
	x608: [  0.7529,   0.7529] [FIXED]
	x609: [  0.6588,   0.6588] [FIXED]
	x610: [  0.9373,   0.9373] [FIXED]
	x611: [  0.9059,   0.9059] [FIXED]
	x612: [  0.6863,   0.6863] [FIXED]
	x613: [  0.0000,   0.0000] [FIXED]
	x614: [  0.0000,   0.0000] [FIXED]
	x615: [  0.0000,   0.0000] [FIXED]
	x616: [  0.0000,   0.0000] [FIXED]
	x617: [  0.0000,   0.0000] [FIXED]
	x618: [  0.0000,   0.0000] [FIXED]
	x619: [  0.0000,   0.0000] [FIXED]
	x620: [  0.6157,   0.6157] [FIXED]
	x621: [  0.8667,   0.8667] [FIXED]
	x622: [  1.0000,   1.0000] [FIXED]
	x623: [  0.2784,   0.2784] [FIXED]
	x624: [  0.5176,   0.5176] [FIXED]
	x625: [  0.9686,   0.9686] [FIXED]
	x626: [  0.8078,   0.8078] [FIXED]
	x627: [  0.8510,   0.8510] [FIXED]
	x628: [  0.8588,   0.8588] [FIXED]
	x629: [  0.8275,   0.8275] [FIXED]
	x630: [  0.8549,   0.8549] [FIXED]
	x631: [  0.8471,   0.8471] [FIXED]
	x632: [  0.8196,   0.8196] [FIXED]
	x633: [  0.8353,   0.8353] [FIXED]
	x634: [  0.8941,   0.8941] [FIXED]
	x635: [  0.8157,   0.8157] [FIXED]
	x636: [  0.7843,   0.7843] [FIXED]
	x637: [  0.6980,   0.6980] [FIXED]
	x638: [  0.9216,   0.9216] [FIXED]
	x639: [  0.8980,   0.8980] [FIXED]
	x640: [  0.7216,   0.7216] [FIXED]
	x641: [  0.0000,   0.0000] [FIXED]
	x642: [  0.0000,   0.0000] [FIXED]
	x643: [  0.0000,   0.0000] [FIXED]
	x644: [  0.0000,   0.0000] [FIXED]
	x645: [  0.0000,   0.0000] [FIXED]
	x646: [  0.0000,   0.0000] [FIXED]
	x647: [  0.0000,   0.0000] [FIXED]
	x648: [  0.6353,   0.6353] [FIXED]
	x649: [  0.8706,   0.8706] [FIXED]
	x650: [  0.9412,   0.9412] [FIXED]
	x651: [  0.3294,   0.3294] [FIXED]
	x652: [  0.7725,   0.7725] [FIXED]
	x653: [  0.8980,   0.8980] [FIXED]
	x654: [  0.8353,   0.8353] [FIXED]
	x655: [  0.8627,   0.8627] [FIXED]
	x656: [  0.8667,   0.8667] [FIXED]
	x657: [  0.8392,   0.8392] [FIXED]
	x658: [  0.8667,   0.8667] [FIXED]
	x659: [  0.8627,   0.8627] [FIXED]
	x660: [  0.8627,   0.8627] [FIXED]
	x661: [  0.8353,   0.8353] [FIXED]
	x662: [  0.8549,   0.8549] [FIXED]
	x663: [  0.8549,   0.8549] [FIXED]
	x664: [  0.8078,   0.8078] [FIXED]
	x665: [  0.7059,   0.7059] [FIXED]
	x666: [  0.9216,   0.9216] [FIXED]
	x667: [  0.9020,   0.9020] [FIXED]
	x668: [  0.6902,   0.6902] [FIXED]
	x669: [  0.0000,   0.0000] [FIXED]
	x670: [  0.0000,   0.0000] [FIXED]
	x671: [  0.0000,   0.0000] [FIXED]
	x672: [  0.0000,   0.0000] [FIXED]
	x673: [  0.0000,   0.0000] [FIXED]
	x674: [  0.0000,   0.0000] [FIXED]
	x675: [  0.0000,   0.0000] [FIXED]
	x676: [  0.6392,   0.6392] [FIXED]
	x677: [  0.8667,   0.8667] [FIXED]
	x678: [  0.9373,   0.9373] [FIXED]
	x679: [  0.2941,   0.2941] [FIXED]
	x680: [  0.7451,   0.7451] [FIXED]
	x681: [  0.8588,   0.8588] [FIXED]
	x682: [  0.8353,   0.8353] [FIXED]
	x683: [  0.8471,   0.8471] [FIXED]
	x684: [  0.8471,   0.8471] [FIXED]
	x685: [  0.8431,   0.8431] [FIXED]
	x686: [  0.8510,   0.8510] [FIXED]
	x687: [  0.8471,   0.8471] [FIXED]
	x688: [  0.8392,   0.8392] [FIXED]
	x689: [  0.8353,   0.8353] [FIXED]
	x690: [  0.8275,   0.8275] [FIXED]
	x691: [  0.8314,   0.8314] [FIXED]
	x692: [  0.9255,   0.9255] [FIXED]
	x693: [  0.5529,   0.5529] [FIXED]
	x694: [  0.8549,   0.8549] [FIXED]
	x695: [  0.8784,   0.8784] [FIXED]
	x696: [  0.6667,   0.6667] [FIXED]
	x697: [  0.0000,   0.0000] [FIXED]
	x698: [  0.0000,   0.0000] [FIXED]
	x699: [  0.0000,   0.0000] [FIXED]
	x700: [  0.0000,   0.0000] [FIXED]
	x701: [  0.0000,   0.0000] [FIXED]
	x702: [  0.0000,   0.0000] [FIXED]
	x703: [  0.0000,   0.0000] [FIXED]
	x704: [  0.7294,   0.7294] [FIXED]
	x705: [  0.8627,   0.8627] [FIXED]
	x706: [  0.9608,   0.9608] [FIXED]
	x707: [  0.0941,   0.0941] [FIXED]
	x708: [  0.6157,   0.6157] [FIXED]
	x709: [  0.9882,   0.9882] [FIXED]
	x710: [  0.9373,   0.9373] [FIXED]
	x711: [  0.9451,   0.9451] [FIXED]
	x712: [  0.9333,   0.9333] [FIXED]
	x713: [  0.9294,   0.9294] [FIXED]
	x714: [  0.9412,   0.9412] [FIXED]
	x715: [  0.9412,   0.9412] [FIXED]
	x716: [  0.9255,   0.9255] [FIXED]
	x717: [  0.9294,   0.9294] [FIXED]
	x718: [  0.9294,   0.9294] [FIXED]
	x719: [  0.9569,   0.9569] [FIXED]
	x720: [  0.8784,   0.8784] [FIXED]
	x721: [  0.0000,   0.0000] [FIXED]
	x722: [  0.8549,   0.8549] [FIXED]
	x723: [  0.8667,   0.8667] [FIXED]
	x724: [  0.5922,   0.5922] [FIXED]
	x725: [  0.0000,   0.0000] [FIXED]
	x726: [  0.0000,   0.0000] [FIXED]
	x727: [  0.0000,   0.0000] [FIXED]
	x728: [  0.0000,   0.0000] [FIXED]
	x729: [  0.0000,   0.0000] [FIXED]
	x730: [  0.0000,   0.0000] [FIXED]
	x731: [  0.0000,   0.0000] [FIXED]
	x732: [  0.5882,   0.5882] [FIXED]
	x733: [  0.8902,   0.8902] [FIXED]
	x734: [  0.8275,   0.8275] [FIXED]
	x735: [  0.0000,   0.0000] [FIXED]
	x736: [  0.0431,   0.0431] [FIXED]
	x737: [  0.4510,   0.4510] [FIXED]
	x738: [  0.2706,   0.2706] [FIXED]
	x739: [  0.1961,   0.1961] [FIXED]
	x740: [  0.1765,   0.1765] [FIXED]
	x741: [  0.1922,   0.1922] [FIXED]
	x742: [  0.2588,   0.2588] [FIXED]
	x743: [  0.2235,   0.2235] [FIXED]
	x744: [  0.2000,   0.2000] [FIXED]
	x745: [  0.2902,   0.2902] [FIXED]
	x746: [  0.4078,   0.4078] [FIXED]
	x747: [  0.5333,   0.5333] [FIXED]
	x748: [  0.2000,   0.2000] [FIXED]
	x749: [  0.0000,   0.0000] [FIXED]
	x750: [  1.0000,   1.0000] [FIXED]
	x751: [  0.9412,   0.9412] [FIXED]
	x752: [  0.6902,   0.6902] [FIXED]
	x753: [  0.0000,   0.0000] [FIXED]
	x754: [  0.0000,   0.0000] [FIXED]
	x755: [  0.0000,   0.0000] [FIXED]
	x756: [  0.0000,   0.0000] [FIXED]
	x757: [  0.0000,   0.0000] [FIXED]
	x758: [  0.0000,   0.0000] [FIXED]
	x759: [  0.0000,   0.0000] [FIXED]
	x760: [  0.0000,   0.0000] [FIXED]
	x761: [  0.0157,   0.0157] [FIXED]
	x762: [  0.0000,   0.0000] [FIXED]
	x763: [  0.0000,   0.0000] [FIXED]
	x764: [  0.0000,   0.0000] [FIXED]
	x765: [  0.0000,   0.0000] [FIXED]
	x766: [  0.0000,   0.0000] [FIXED]
	x767: [  0.0000,   0.0000] [FIXED]
	x768: [  0.0000,   0.0000] [FIXED]
	x769: [  0.0000,   0.0000] [FIXED]
	x770: [  0.0000,   0.0000] [FIXED]
	x771: [  0.0000,   0.0000] [FIXED]
	x772: [  0.0000,   0.0000] [FIXED]
	x773: [  0.0000,   0.0000] [FIXED]
	x774: [  0.0000,   0.0000] [FIXED]
	x775: [  0.0000,   0.0000] [FIXED]
	x776: [  0.0000,   0.0000] [FIXED]
	x777: [  0.0000,   0.0000] [FIXED]
	x778: [  0.4000,   0.4000] [FIXED]
	x779: [  0.5059,   0.5059] [FIXED]
	x780: [  0.2157,   0.2157] [FIXED]
	x781: [  0.0000,   0.0000] [FIXED]
	x782: [  0.0000,   0.0000] [FIXED]
	x783: [  0.0000,   0.0000] [FIXED]


Engine::solve: Initial statistics

22:20:13 Statistics update:
	--- Time Statistics ---
	Total time elapsed: 159 milli (00:00:00)
		Main loop: 0 milli (00:00:00)
		Preprocessing time: 159 milli (00:00:00)
		Unknown: 0 milli (00:00:00)
	Breakdown for main loop:
		[0.00%] Simplex steps: 0 milli
		[0.00%] Explicit-basis bound tightening: 0 milli
		[0.00%] Constraint-matrix bound tightening: 0 milli
		[0.00%] Degradation checking: 0 milli
		[0.00%] Precision restoration: 0 milli
		[0.00%] Statistics handling: 0 milli
		[0.00%] Constraint-fixing steps: 0 milli
		[0.00%] Valid case splits: 0 milli. Average per split: 0.00 milli
		[0.00%] Applying stored bound-tightening: 0 milli
		[0.00%] SMT core: 0 milli
		[0.00%] Symbolic Bound Tightening: 0 milli
		[0.00%] Unaccounted for: 0 milli
	--- Preprocessor Statistics ---
	Number of preprocessor bound-tightening loop iterations: 7
	Number of eliminated variables: 6914
	Number of constraints removed due to variable elimination: 1512
	Number of equations removed due to variable elimination: 0
	--- Engine Statistics ---
	Number of main loop iterations: 1
		0 iterations were simplex steps. Total time: 0 milli. Average: 0.00 milli.
		0 iterations were constraint-fixing steps. Total time: 0 milli. Average: 0.00 milli
	Number of active piecewise-linear constraints: 0 / 0
		Constraints disabled by valid splits: 0. By SMT-originated splits: 0
	Last reported degradation: 0.0000000000. Max degradation so far: 0.0000000000. Restorations so far: 0
	Number of simplex pivots we attempted to skip because of instability: 0.
	Unstable pivots performed anyway: 0
	--- Tableau Statistics ---
	Total number of pivots performed: 0
		Real pivots: 0. Degenerate: 0 (0.00%)
		Degenerate pivots by request (e.g., to fix a PL constraint): 0 (0.00%)
		Average time per pivot: 0.00 milli
	Total number of fake pivots performed: 0
	Total number of rows added: 0. Number of merged columns: 0
	Current tableau dimensions: M = 0, N = 794
	--- SMT Core Statistics ---
	Total depth is 0. Total visited states: 1. Number of splits: 0. Number of pops: 0
	Max stack depth: 0
	--- Bound Tightening Statistics ---
	Number of tightened bounds: 0.
		Number of rows examined by row tightener: 0. Consequent tightenings: 0
		Number of explicit basis matrices examined by row tightener: 0. Consequent tightenings: 0
		Number of bound tightening rounds on the entire constraint matrix: 0. Consequent tightenings: 0
		Number of bound notifications sent to PL constraints: 0. Tightenings proposed: 0
	--- Basis Factorization statistics ---
	Number of basis refactorizations: 2
	--- Projected Steepest Edge Statistics ---
	Number of iterations: 0.
	Number of resets to reference space: 1. Avg. iterations per reset: 0
	--- SBT ---
	Number of tightened bounds: 0

---

Engine::solve: sat assignment found

22:20:13 Statistics update:
	--- Time Statistics ---
	Total time elapsed: 159 milli (00:00:00)
		Main loop: 0 milli (00:00:00)
		Preprocessing time: 159 milli (00:00:00)
		Unknown: 0 milli (00:00:00)
	Breakdown for main loop:
		[0.00%] Simplex steps: 0 milli
		[0.00%] Explicit-basis bound tightening: 0 milli
		[0.00%] Constraint-matrix bound tightening: 0 milli
		[0.00%] Degradation checking: 0 milli
		[0.00%] Precision restoration: 0 milli
		[0.00%] Statistics handling: 0 milli
		[0.00%] Constraint-fixing steps: 0 milli
		[0.00%] Valid case splits: 0 milli. Average per split: 0.00 milli
		[0.00%] Applying stored bound-tightening: 0 milli
		[0.00%] SMT core: 0 milli
		[0.00%] Symbolic Bound Tightening: 0 milli
		[0.00%] Unaccounted for: 0 milli
	--- Preprocessor Statistics ---
	Number of preprocessor bound-tightening loop iterations: 7
	Number of eliminated variables: 6914
	Number of constraints removed due to variable elimination: 1512
	Number of equations removed due to variable elimination: 0
	--- Engine Statistics ---
	Number of main loop iterations: 2
		0 iterations were simplex steps. Total time: 0 milli. Average: 0.00 milli.
		0 iterations were constraint-fixing steps. Total time: 0 milli. Average: 0.00 milli
	Number of active piecewise-linear constraints: 0 / 0
		Constraints disabled by valid splits: 0. By SMT-originated splits: 0
	Last reported degradation: 0.0000000000. Max degradation so far: 0.0000000000. Restorations so far: 0
	Number of simplex pivots we attempted to skip because of instability: 0.
	Unstable pivots performed anyway: 0
	--- Tableau Statistics ---
	Total number of pivots performed: 0
		Real pivots: 0. Degenerate: 0 (0.00%)
		Degenerate pivots by request (e.g., to fix a PL constraint): 0 (0.00%)
		Average time per pivot: 0.00 milli
	Total number of fake pivots performed: 0
	Total number of rows added: 0. Number of merged columns: 0
	Current tableau dimensions: M = 0, N = 794
	--- SMT Core Statistics ---
	Total depth is 0. Total visited states: 1. Number of splits: 0. Number of pops: 0
	Max stack depth: 0
	--- Bound Tightening Statistics ---
	Number of tightened bounds: 0.
		Number of rows examined by row tightener: 0. Consequent tightenings: 0
		Number of explicit basis matrices examined by row tightener: 1. Consequent tightenings: 0
		Number of bound tightening rounds on the entire constraint matrix: 0. Consequent tightenings: 0
		Number of bound notifications sent to PL constraints: 0. Tightenings proposed: 0
	--- Basis Factorization statistics ---
	Number of basis refactorizations: 2
	--- Projected Steepest Edge Statistics ---
	Number of iterations: 0.
	Number of resets to reference space: 1. Avg. iterations per reset: 0
	--- SBT ---
	Number of tightened bounds: 0
